<?xml version="1.0" encoding="UTF-8"?>
<!-- Generated by org.testng.reporters.JUnitReportReporter -->
<testsuite hostname="DESKTOP-H2J9PSJ" failures="0" tests="1" name="cars.HyundaiTest" time="6.293" errors="0" timestamp="2024-06-18T11:53:42 IST" skipped="0">
  <testcase classname="cars.HyundaiTest" name="launch" time="6.293"/>
  <system-out>
    <![CDATA[hyundai page executed]]>
  </system-out>
</testsuite> <!-- cars.HyundaiTest -->
