<?xml version="1.0" encoding="UTF-8"?>
<!-- Generated by org.testng.reporters.JUnitReportReporter -->
<testsuite hostname="DESKTOP-H2J9PSJ" failures="0" tests="1" name="cars.MarutiTest" time="7.166" errors="0" timestamp="2024-06-18T11:53:42 IST" skipped="0">
  <testcase classname="cars.MarutiTest" name="launch" time="7.166"/>
  <system-out>
    <![CDATA[maruti page executed]]>
  </system-out>
</testsuite> <!-- cars.MarutiTest -->
