<?xml version="1.0" encoding="UTF-8"?>
<!-- Generated by org.testng.reporters.JUnitReportReporter -->
<testsuite hostname="DESKTOP-H2J9PSJ" failures="0" tests="1" name="extentreports.AttachScreenshot" time="9.901" errors="0" timestamp="2024-06-18T12:09:10 IST" skipped="0">
  <testcase classname="extentreports.AttachScreenshot" name="screenshot" time="9.901"/>
  <system-out/>
</testsuite> <!-- extentreports.AttachScreenshot -->
