<?xml version="1.0" encoding="UTF-8"?>
<!-- Generated by org.testng.reporters.JUnitReportReporter -->
<testsuite hostname="DESKTOP-H2J9PSJ" failures="0" tests="1" name="cars.FordTest" time="25.340" errors="0" timestamp="2024-06-18T11:52:16 IST" skipped="0">
  <testcase classname="cars.FordTest" name="launch" time="25.340"/>
  <system-out>
    <![CDATA[maruti page executed]]>
  </system-out>
</testsuite> <!-- cars.FordTest -->
